TN:
SF:src/App.tsx
FN:8,App
FNF:1
FNH:0
FNDA:0,App
DA:3,0
DA:5,0
DA:6,0
DA:9,0
DA:16,0
LF:5
LH:0
BRF:0
BRH:0
end_of_record
TN:
SF:src/main.tsx
FNF:0
FNH:0
DA:3,0
DA:4,0
DA:6,0
DA:8,0
DA:10,0
LF:5
LH:0
BRF:0
BRH:0
end_of_record
TN:
SF:src/components/Earthquakes/Earthquakes.tsx
FN:17,Earthquakes
FN:41,(anonymous_2)
FN:55,(anonymous_3)
FN:72,(anonymous_4)
FNF:4
FNH:3
FNDA:3,Earthquakes
FNDA:3,(anonymous_2)
FNDA:3,(anonymous_3)
FNDA:0,(anonymous_4)
DA:3,1
DA:4,1
DA:5,1
DA:7,1
DA:8,1
DA:9,1
DA:10,1
DA:11,1
DA:13,1
DA:14,1
DA:15,1
DA:17,1
DA:18,3
DA:19,3
DA:27,3
DA:37,3
DA:39,3
DA:41,3
DA:42,3
DA:43,1
DA:45,3
DA:46,1
DA:55,3
DA:56,3
DA:57,3
DA:72,3
DA:73,0
DA:81,3
DA:83,3
DA:84,1
DA:86,2
LF:31
LH:30
BRDA:42,0,0,1
BRDA:42,1,0,3
BRDA:42,1,1,1
BRDA:45,2,0,1
BRDA:45,3,0,3
BRDA:45,3,1,1
BRDA:56,4,0,3
BRDA:83,5,0,1
BRDA:91,6,0,2
BRDA:91,6,1,0
BRDA:99,7,0,2
BRDA:99,7,1,0
BRDA:102,8,0,0
BRDA:102,8,1,0
BRDA:134,9,0,2
BRDA:134,9,1,0
BRF:16
BRH:11
end_of_record
TN:
SF:src/components/Earthquakes/test-utils/earthquakesSetup.tsx
FN:40,(anonymous_1)
FNF:1
FNH:1
FNDA:3,(anonymous_1)
DA:4,1
DA:5,1
DA:7,1
DA:9,1
DA:10,1
DA:11,1
DA:13,1
DA:22,1
DA:40,1
DA:46,3
DA:59,3
DA:64,3
LF:12
LH:12
BRDA:40,0,0,1
BRDA:41,1,0,2
BRDA:42,2,0,2
BRDA:43,3,0,2
BRDA:44,4,0,3
BRDA:50,5,0,1
BRDA:50,5,1,2
BRDA:52,6,0,1
BRDA:52,6,1,2
BRDA:54,7,0,1
BRDA:54,7,1,2
BRF:11
BRH:11
end_of_record
TN:
SF:src/components/Filters/Filters.tsx
FN:12,Filters
FN:21,(anonymous_2)
FN:23,handleToggleFilters
FN:52,(anonymous_4)
FN:53,(anonymous_5)
FN:68,(anonymous_6)
FN:71,(anonymous_7)
FN:81,(anonymous_8)
FN:84,(anonymous_9)
FNF:9
FNH:1
FNDA:3,Filters
FNDA:0,(anonymous_2)
FNDA:0,handleToggleFilters
FNDA:0,(anonymous_4)
FNDA:0,(anonymous_5)
FNDA:0,(anonymous_6)
FNDA:0,(anonymous_7)
FNDA:0,(anonymous_8)
FNDA:0,(anonymous_9)
DA:3,2
DA:4,2
DA:6,2
DA:7,2
DA:9,2
DA:12,2
DA:19,3
DA:20,3
DA:21,3
DA:24,0
DA:26,3
DA:52,0
DA:54,0
DA:69,0
DA:71,0
DA:82,0
DA:84,0
LF:17
LH:10
BRDA:30,0,0,0
BRDA:30,0,1,3
BRDA:47,1,0,0
BRDA:47,1,1,3
BRDA:55,2,0,0
BRDA:55,2,1,0
BRDA:89,3,0,1
BRDA:89,3,1,2
BRF:8
BRH:4
end_of_record
TN:
SF:src/components/Filters/components/Filter.tsx
FN:8,Filter
FN:53,(anonymous_2)
FN:77,(anonymous_3)
FNF:3
FNH:3
FNDA:14,Filter
FNDA:14,(anonymous_2)
FNDA:21,(anonymous_3)
DA:3,2
DA:4,2
DA:8,2
DA:20,14
DA:54,14
DA:78,21
LF:6
LH:6
BRDA:23,0,0,9
BRDA:23,0,1,5
BRDA:33,1,0,9
BRDA:33,1,1,5
BRDA:43,2,0,14
BRDA:43,2,1,7
BRDA:62,3,0,7
BRDA:62,3,1,7
BRF:8
BRH:8
end_of_record
TN:
SF:src/components/Filters/components/test-utils/filterSetup.tsx
FN:20,(anonymous_1)
FN:31,(anonymous_2)
FNF:2
FNH:2
FNDA:5,(anonymous_1)
FNDA:3,(anonymous_2)
DA:3,1
DA:5,1
DA:10,1
DA:20,1
DA:23,5
DA:28,5
DA:31,1
DA:34,3
DA:39,3
LF:9
LH:9
BRDA:20,0,0,1
BRDA:21,1,0,1
BRDA:31,2,0,2
BRDA:32,3,0,2
BRF:4
BRH:4
end_of_record
TN:
SF:src/components/Filters/test-utils/filtersSetup.tsx
FN:19,(anonymous_1)
FNF:1
FNH:1
FNDA:1,(anonymous_1)
DA:3,1
DA:5,1
DA:7,1
DA:9,1
DA:19,1
DA:26,1
DA:31,1
LF:7
LH:7
BRDA:19,0,0,1
BRDA:20,1,0,1
BRDA:21,2,0,1
BRDA:22,3,0,1
BRDA:23,4,0,1
BRDA:24,5,0,1
BRF:6
BRH:6
end_of_record
TN:
SF:src/components/Map/Map.tsx
FN:12,Map
FNF:1
FNH:1
FNDA:8,Map
DA:3,2
DA:4,2
DA:7,2
DA:8,2
DA:9,2
DA:12,2
DA:18,8
DA:20,8
LF:8
LH:8
BRDA:16,0,0,1
BRDA:35,1,0,8
BRDA:35,1,1,1
BRDA:55,2,0,8
BRDA:55,2,1,1
BRF:5
BRH:5
end_of_record
TN:
SF:src/components/Map/components/NearbyQuakeMarkers.tsx
FN:12,NearbyQuakeMarkers
FN:25,(anonymous_2)
FN:28,(anonymous_3)
FNF:3
FNH:3
FNDA:8,NearbyQuakeMarkers
FNDA:2,(anonymous_2)
FNDA:1,(anonymous_3)
DA:3,2
DA:4,2
DA:5,2
DA:6,2
DA:10,2
DA:12,2
DA:19,8
DA:21,8
DA:26,2
DA:29,1
DA:30,1
DA:31,1
LF:12
LH:12
BRDA:26,0,0,2
BRDA:26,0,1,1
BRF:2
BRH:2
end_of_record
TN:
SF:src/components/Map/components/RecenterMap.tsx
FN:7,RecenterMap
FN:10,(anonymous_1)
FNF:2
FNH:2
FNDA:9,RecenterMap
FNDA:9,(anonymous_1)
DA:3,3
DA:4,3
DA:7,3
DA:8,9
DA:10,9
DA:11,9
DA:17,9
LF:7
LH:7
BRF:0
BRH:0
end_of_record
TN:
SF:src/components/Map/components/ZoomControl.tsx
FN:4,ZoomControl
FN:20,(anonymous_1)
FN:40,(anonymous_2)
FNF:3
FNH:0
FNDA:0,ZoomControl
FNDA:0,(anonymous_1)
FNDA:0,(anonymous_2)
DA:1,0
DA:4,0
DA:12,0
DA:21,0
DA:41,0
LF:5
LH:0
BRDA:29,0,0,0
BRDA:29,0,1,0
BRF:2
BRH:0
end_of_record
TN:
SF:src/components/Map/test-utils/mapSetup.tsx
FN:13,(anonymous_1)
FNF:1
FNH:1
FNDA:6,(anonymous_1)
DA:2,1
DA:4,1
DA:6,1
DA:13,1
DA:14,6
DA:19,6
LF:6
LH:6
BRDA:13,0,0,1
BRF:1
BRH:1
end_of_record
TN:
SF:src/components/Map/utils/markers.ts
FN:5,getMarkerIcon
FN:19,getStaticMarkerIcon
FN:26,createIcon
FNF:3
FNH:3
FNDA:11,getMarkerIcon
FNDA:2,getStaticMarkerIcon
FNDA:13,createIcon
DA:3,3
DA:5,3
DA:6,11
DA:8,11
DA:9,1
DA:10,10
DA:11,1
DA:13,9
DA:16,11
DA:19,3
DA:20,2
DA:21,2
DA:23,2
DA:27,13
LF:14
LH:14
BRDA:8,0,0,1
BRDA:8,0,1,10
BRDA:10,1,0,1
BRDA:10,1,1,9
BRF:4
BRH:4
end_of_record
TN:
SF:src/components/Metrics/MetricWrapper.tsx
FN:20,MetricWrapper
FN:32,handleMetricClick
FN:46,(anonymous_3)
FN:74,(anonymous_4)
FNF:4
FNH:2
FNDA:10,MetricWrapper
FNDA:0,handleMetricClick
FNDA:31,(anonymous_3)
FNDA:0,(anonymous_4)
DA:5,2
DA:7,2
DA:20,2
DA:30,10
DA:33,0
DA:36,10
DA:47,31
DA:49,31
DA:52,31
DA:53,31
DA:54,31
DA:58,31
DA:74,0
LF:13
LH:11
BRDA:24,0,0,6
BRDA:26,1,0,2
BRDA:27,2,0,10
BRDA:49,3,0,3
BRDA:49,3,1,28
BRDA:49,4,0,31
BRDA:49,4,1,5
BRDA:50,5,0,3
BRDA:50,5,1,0
BRDA:53,6,0,31
BRDA:53,6,1,0
BRDA:54,7,0,0
BRDA:54,7,1,31
BRDA:72,8,0,5
BRDA:72,8,1,26
BRF:15
BRH:12
end_of_record
TN:
SF:src/components/Metrics/Metrics.tsx
FN:9,GeoMetrics
FN:28,EffectMetrics
FN:49,DetectionMetrics
FN:68,SignificanceMetrics
FNF:4
FNH:4
FNDA:3,GeoMetrics
FNDA:3,EffectMetrics
FNDA:2,DetectionMetrics
FNDA:2,SignificanceMetrics
DA:4,2
DA:6,2
DA:9,2
DA:15,3
DA:16,3
DA:28,2
DA:35,3
DA:36,3
DA:49,2
DA:55,2
DA:56,2
DA:68,2
DA:74,2
DA:75,2
LF:14
LH:14
BRF:0
BRH:0
end_of_record
TN:
SF:src/components/Metrics/components/Metric.tsx
FN:10,Metric
FNF:1
FNH:1
FNDA:39,Metric
DA:3,3
DA:4,3
DA:6,3
DA:10,3
DA:25,39
DA:27,39
LF:6
LH:6
BRDA:25,0,0,1
BRDA:25,0,1,38
BRDA:25,1,0,39
BRDA:25,1,1,1
BRDA:42,2,0,36
BRDA:42,2,1,3
BRDA:46,3,0,1
BRDA:46,3,1,35
BRDA:47,4,0,1
BRDA:47,4,1,0
BRDA:53,5,0,6
BRDA:53,5,1,30
BRDA:55,6,0,12
BRDA:55,6,1,18
BRDA:55,7,0,30
BRDA:55,7,1,13
BRDA:57,8,0,18
BRDA:57,8,1,17
BRDA:58,9,0,36
BRDA:58,9,1,12
BRF:20
BRH:19
end_of_record
TN:
SF:src/components/Metrics/components/test-utils/metricSetup.tsx
FN:13,(anonymous_1)
FNF:1
FNH:1
FNDA:8,(anonymous_1)
DA:3,1
DA:5,1
DA:7,1
DA:13,1
DA:14,8
DA:19,8
LF:6
LH:6
BRDA:13,0,0,1
BRDA:13,1,0,1
BRF:2
BRH:2
end_of_record
TN:
SF:src/components/Metrics/test-utils/metricsSetup.tsx
FN:18,(anonymous_0)
FN:20,(anonymous_1)
FN:40,(anonymous_2)
FNF:3
FNH:2
FNDA:0,(anonymous_0)
FNDA:1,(anonymous_1)
FNDA:1,(anonymous_2)
DA:4,1
DA:6,1
DA:7,1
DA:10,1
DA:18,1
DA:20,1
DA:25,1
DA:26,1
DA:31,1
DA:40,1
DA:41,1
DA:43,1
LF:12
LH:12
BRDA:20,0,0,0
BRDA:21,1,0,1
BRDA:22,2,0,1
BRDA:23,3,0,0
BRDA:25,4,0,1
BRDA:25,4,1,0
BRDA:40,5,0,1
BRDA:40,6,0,1
BRF:8
BRH:5
end_of_record
TN:
SF:src/components/SearchForm/SearchForm.tsx
FN:7,SearchForm
FN:8,(anonymous_2)
FNF:2
FNH:2
FNDA:6,SearchForm
FNDA:3,(anonymous_2)
DA:3,2
DA:7,2
DA:8,6
DA:9,3
DA:10,1
DA:14,6
LF:6
LH:6
BRDA:9,0,0,1
BRDA:9,1,0,3
BRDA:9,1,1,2
BRDA:16,2,0,6
BRDA:16,2,1,1
BRF:5
BRH:5
end_of_record
TN:
SF:src/components/SearchForm/test-utils/searchFormSetup.tsx
FN:14,(anonymous_1)
FNF:1
FNH:1
FNDA:4,(anonymous_1)
DA:3,1
DA:5,1
DA:7,1
DA:14,1
DA:17,4
DA:21,4
LF:6
LH:6
BRDA:14,0,0,0
BRF:1
BRH:0
end_of_record
TN:
SF:src/components/Toolbar/Toolbar.tsx
FN:26,Toolbar
FN:48,(anonymous_2)
FN:54,(anonymous_3)
FN:89,(anonymous_4)
FNF:4
FNH:1
FNDA:2,Toolbar
FNDA:0,(anonymous_2)
FNDA:0,(anonymous_3)
FNDA:0,(anonymous_4)
DA:1,1
DA:6,1
DA:7,1
DA:8,1
DA:10,1
DA:16,1
DA:26,1
DA:33,2
DA:34,2
DA:35,2
DA:39,2
DA:48,0
DA:54,0
DA:89,0
LF:14
LH:11
BRDA:86,0,0,2
BRDA:86,0,1,0
BRF:2
BRH:1
end_of_record
TN:
SF:src/hooks/useDebounce.ts
FN:5,useDebounce
FN:8,(anonymous_1)
FN:9,(anonymous_2)
FN:13,(anonymous_3)
FNF:4
FNH:4
FNDA:8,useDebounce
FNDA:6,(anonymous_1)
FNDA:2,(anonymous_2)
FNDA:6,(anonymous_3)
DA:3,2
DA:5,2
DA:6,8
DA:8,8
DA:9,6
DA:10,2
DA:13,6
DA:16,8
LF:8
LH:8
BRF:0
BRH:0
end_of_record
TN:
SF:src/hooks/useDistanceUnit.ts
FN:3,useDistanceUnit
FN:4,(anonymous_1)
FNF:2
FNH:2
FNDA:15,useDistanceUnit
FNDA:9,(anonymous_1)
DA:3,2
DA:4,15
DA:5,9
DA:7,15
DA:9,15
LF:5
LH:5
BRDA:3,0,0,0
BRDA:4,1,0,0
BRDA:5,2,0,0
BRDA:5,2,1,9
BRDA:7,3,0,0
BRDA:7,3,1,15
BRF:6
BRH:2
end_of_record
TN:
SF:src/hooks/useEarthquakeData.ts
FN:7,useEarthquakeData
FN:20,(anonymous_1)
FN:48,(anonymous_2)
FN:60,(anonymous_3)
FN:100,(anonymous_4)
FN:163,(anonymous_5)
FN:174,(anonymous_6)
FNF:7
FNH:7
FNDA:22,useEarthquakeData
FNDA:9,(anonymous_1)
FNDA:11,(anonymous_2)
FNDA:6,(anonymous_3)
FNDA:8,(anonymous_4)
FNDA:11,(anonymous_5)
FNDA:1,(anonymous_6)
DA:3,2
DA:7,2
DA:8,22
DA:10,22
DA:11,22
DA:12,22
DA:13,22
DA:14,22
DA:18,22
DA:20,22
DA:21,9
DA:22,9
DA:23,9
DA:34,8
DA:35,8
DA:43,1
DA:44,1
DA:48,22
DA:49,11
DA:50,11
DA:51,3
DA:52,3
DA:53,3
DA:55,8
DA:56,8
DA:60,22
DA:67,6
DA:68,6
DA:73,6
DA:74,6
DA:77,6
DA:78,2
DA:79,2
DA:82,6
DA:83,1
DA:84,1
DA:87,6
DA:89,6
DA:90,6
DA:91,5
DA:92,5
DA:94,1
DA:95,1
DA:99,22
DA:106,8
DA:107,8
DA:110,8
DA:111,8
DA:113,7
DA:114,7
DA:116,7
DA:117,7
DA:119,7
DA:125,7
DA:126,2
DA:129,5
DA:130,1
DA:132,4
DA:133,4
DA:134,4
DA:135,4
DA:136,4
DA:137,4
DA:140,2
DA:143,2
DA:144,2
DA:145,2
DA:148,2
DA:154,2
DA:156,2
DA:157,2
DA:163,22
DA:164,11
DA:167,22
DA:175,1
LF:75
LH:75
BRDA:73,0,0,6
BRDA:77,1,0,2
BRDA:77,2,0,6
BRDA:77,2,1,2
BRDA:82,3,0,1
BRDA:82,4,0,6
BRDA:82,4,1,1
BRDA:90,5,0,1
BRDA:111,6,0,1
BRDA:125,7,0,2
BRDA:125,7,1,5
BRDA:129,8,0,1
BRDA:129,8,1,4
BRF:13
BRH:13
end_of_record
TN:
SF:src/hooks/useFilters.ts
FN:6,useFilters
FN:14,(anonymous_1)
FN:15,(anonymous_2)
FN:24,(anonymous_3)
FN:28,(anonymous_4)
FN:44,(anonymous_5)
FN:50,(anonymous_6)
FNF:7
FNH:0
FNDA:0,useFilters
FNDA:0,(anonymous_1)
FNDA:0,(anonymous_2)
FNDA:0,(anonymous_3)
FNDA:0,(anonymous_4)
FNDA:0,(anonymous_5)
FNDA:0,(anonymous_6)
DA:3,1
DA:4,1
DA:6,1
DA:7,0
DA:13,0
DA:15,0
DA:23,0
DA:28,0
DA:36,0
DA:37,0
DA:38,0
DA:39,0
DA:40,0
DA:42,0
DA:44,0
DA:45,0
DA:50,0
DA:51,0
DA:59,0
LF:19
LH:3
BRDA:42,0,0,0
BRDA:42,0,1,0
BRDA:45,1,0,0
BRDA:45,1,1,0
BRDA:51,2,0,0
BRDA:51,2,1,0
BRF:6
BRH:0
end_of_record
TN:
SF:src/hooks/useMetricConfigs.ts
FN:24,useMetricConfigs
FN:25,(anonymous_1)
FN:50,(anonymous_2)
FN:73,(anonymous_3)
FN:103,(anonymous_4)
FN:142,(anonymous_5)
FNF:6
FNH:6
FNDA:10,useMetricConfigs
FNDA:10,(anonymous_1)
FNDA:2,(anonymous_2)
FNDA:10,(anonymous_3)
FNDA:10,(anonymous_4)
FNDA:10,(anonymous_5)
DA:3,2
DA:8,2
DA:16,2
DA:24,2
DA:25,10
DA:26,10
DA:27,9
DA:50,2
DA:73,10
DA:74,10
DA:103,10
DA:104,10
DA:142,10
DA:143,10
DA:168,10
LF:15
LH:15
BRDA:26,0,0,1
BRDA:50,1,0,0
BRDA:50,1,1,2
BRDA:50,2,0,2
BRDA:50,2,1,2
BRDA:156,3,0,10
BRDA:156,3,1,10
BRDA:160,4,0,10
BRDA:160,4,1,10
BRF:9
BRH:8
end_of_record
TN:
SF:src/hooks/test-utils/mockFetch.ts
FN:11,mockFetchWithRoutes
FN:12,(anonymous_1)
FN:14,(anonymous_2)
FN:25,(anonymous_3)
FNF:4
FNH:4
FNDA:4,mockFetchWithRoutes
FNDA:19,(anonymous_1)
FNDA:53,(anonymous_2)
FNDA:12,(anonymous_3)
DA:11,1
DA:12,4
DA:13,19
DA:14,53
DA:16,19
DA:17,4
DA:20,15
DA:22,15
DA:25,12
LF:9
LH:9
BRDA:13,0,0,19
BRDA:13,0,1,0
BRDA:16,1,0,4
BRDA:23,2,0,15
BRDA:23,2,1,13
BRDA:24,3,0,15
BRDA:24,3,1,13
BRF:7
BRH:6
end_of_record
TN:
SF:src/shared/Drawer.tsx
FN:13,Drawer
FN:21,(anonymous_2)
FN:29,(anonymous_3)
FN:40,(anonymous_4)
FN:48,(anonymous_5)
FNF:5
FNH:3
FNDA:3,Drawer
FNDA:3,(anonymous_2)
FNDA:0,(anonymous_3)
FNDA:0,(anonymous_4)
FNDA:1,(anonymous_5)
DA:3,2
DA:4,2
DA:13,2
DA:19,3
DA:21,3
DA:22,3
DA:23,3
DA:25,3
DA:26,3
DA:27,3
DA:29,3
DA:30,0
DA:31,0
DA:33,0
DA:36,3
DA:37,0
DA:38,0
DA:40,0
DA:41,0
DA:42,0
DA:43,0
DA:46,3
DA:47,3
DA:48,3
DA:49,1
DA:50,1
DA:56,3
DA:58,3
DA:64,3
LF:29
LH:20
BRDA:16,0,0,0
BRDA:17,1,0,3
BRDA:23,2,0,0
BRDA:25,3,0,3
BRDA:25,3,1,3
BRDA:26,4,0,3
BRDA:26,4,1,0
BRDA:27,5,0,3
BRDA:27,5,1,0
BRDA:30,6,0,0
BRDA:30,7,0,0
BRDA:30,7,1,0
BRDA:36,8,0,0
BRDA:36,8,1,3
BRDA:56,9,0,3
BRDA:56,9,1,0
BRDA:56,10,0,3
BRDA:56,10,1,3
BRDA:61,11,0,0
BRDA:61,11,1,3
BRDA:70,12,0,3
BRDA:70,12,1,0
BRDA:71,13,0,3
BRDA:71,13,1,3
BRDA:72,14,0,3
BRDA:72,14,1,0
BRDA:73,15,0,3
BRDA:73,15,1,0
BRF:28
BRH:15
end_of_record
TN:
SF:src/shared/Input.tsx
FN:6,Input
FNF:1
FNH:1
FNDA:6,Input
DA:3,2
DA:6,2
DA:7,6
DA:8,6
LF:4
LH:4
BRF:0
BRH:0
end_of_record
TN:
SF:src/shared/MetricPanel.tsx
FN:14,MetricPanel
FN:22,(anonymous_1)
FN:23,handleKeyDown
FN:28,(anonymous_3)
FNF:4
FNH:0
FNDA:0,MetricPanel
FNDA:0,(anonymous_1)
FNDA:0,handleKeyDown
FNDA:0,(anonymous_3)
DA:3,1
DA:4,1
DA:14,1
DA:20,0
DA:22,0
DA:24,0
DA:27,0
DA:28,0
DA:31,0
DA:33,0
LF:10
LH:3
BRDA:24,0,0,0
BRDA:31,1,0,0
BRDA:58,2,0,0
BRDA:58,2,1,0
BRF:4
BRH:0
end_of_record
TN:
SF:src/shared/Panel.tsx
FN:8,Panel
FNF:1
FNH:1
FNDA:2,Panel
DA:8,1
DA:9,2
LF:2
LH:2
BRDA:12,0,0,0
BRDA:12,0,1,2
BRF:2
BRH:1
end_of_record
TN:
SF:src/shared/ToggleSwitch.tsx
FN:5,ToggleSwitch
FNF:1
FNH:1
FNDA:4,ToggleSwitch
DA:5,1
DA:11,4
LF:2
LH:2
BRDA:6,0,0,0
BRDA:7,1,0,0
BRDA:15,2,0,0
BRDA:15,2,1,4
BRDA:32,3,0,0
BRDA:32,3,1,4
BRF:6
BRH:2
end_of_record
TN:
SF:src/shared/Tooltip.tsx
FN:4,Tooltip
FNF:1
FNH:1
FNDA:39,Tooltip
DA:4,3
DA:9,39
DA:15,39
LF:3
LH:3
BRDA:7,0,0,39
BRF:1
BRH:1
end_of_record
TN:
SF:src/utils/date.ts
FN:3,formatDateTime
FNF:1
FNH:1
FNDA:4,formatDateTime
DA:3,1
DA:4,4
DA:5,4
LF:3
LH:3
BRF:0
BRH:0
end_of_record
